This file contains any messages produced by compilers while
running configure, to aid debugging if configure makes a mistake.

It was created by sudo configure 1.6.7, which was
generated by GNU Autoconf 2.57.  Invocation command line was

  $ ./configure 

## --------- ##
## Platform. ##
## --------- ##

hostname = sunshine
uname -m = x86_64
uname -r = 3.5.0-17-lowlatency
uname -s = Linux
uname -v = #18-Ubuntu SMP PREEMPT Tue Oct 9 20:04:43 UTC 2012

/usr/bin/uname -p = unknown
/bin/uname -X     = unknown

/bin/arch              = unknown
/usr/bin/arch -k       = unknown
/usr/convex/getsysinfo = unknown
hostinfo               = unknown
/bin/machine           = unknown
/usr/bin/oslevel       = unknown
/bin/universe          = unknown

PATH: /usr/local/sbin
PATH: /usr/local/bin
PATH: /usr/sbin
PATH: /usr/bin
PATH: /sbin
PATH: /bin
PATH: /usr/games
PATH: /usr/local/games


## ----------- ##
## Core tests. ##
## ----------- ##

configure:1360: Configuring Sudo version 1.6.7
configure:1916: checking whether to lecture users the first time they run sudo
configure:1934: result: yes
configure:1946: checking whether sudo should log via syslog or to a file by default
configure:1992: result: syslog
configure:1996: checking which syslog facility sudo should log with
configure:2024: result: local2
configure:2027: checking at which syslog priority to log commands
configure:2056: result: notice
configure:2059: checking at which syslog priority to log failures
configure:2088: result: alert
configure:2107: checking how long a line in the log file should be
configure:2135: result: 80
configure:2138: checking whether sudo should ignore '.' or '' in $PATH
configure:2164: result: no
configure:2168: checking whether to send mail when a user is not in sudoers
configure:2191: result: yes
configure:2198: checking whether to send mail when user listed but not for this host
configure:2224: result: no
configure:2228: checking whether to send mail when a user tries a disallowed command
configure:2254: result: no
configure:2258: checking who should get the mail that sudo sends
configure:2282: result: root
configure:2311: checking for bad password prompt
configure:2328: result: Password:
configure:2336: checking for bad password message
configure:2359: result: Sorry, try again.
configure:2362: checking whether to expect fully qualified hosts in sudoers
configure:2388: result: no
configure:2492: checking for umask programs should be run with
configure:2522: result: 0022
configure:2526: checking for default user to run commands as
configure:2550: result: root
configure:2579: checking for editor that visudo should use
configure:2607: result: vi
configure:2611: checking whether to obey EDITOR and VISUAL environment variables
configure:2637: result: no
configure:2641: checking number of tries a user gets to enter their password
configure:2666: result: 3
configure:2669: checking time in minutes after which sudo will ask for a password again
configure:2692: result: 5
configure:2695: checking time in minutes after the password prompt will time out
configure:2718: result: 5
configure:2744: checking whether to use per-tty ticket files
configure:2770: result: no
configure:2774: checking whether to include insults
configure:2802: result: no
configure:2912: checking whether to override the user's path
configure:2939: result: no
configure:2943: checking whether to get ip addresses from the network interfaces
configure:2967: result: yes
configure:2971: checking whether stow should be used
configure:2995: result: no
configure:3000: checking whether to do user authentication by default
configure:3025: result: yes
configure:3029: checking whether to disable running the mailer as root
configure:3054: result: no
configure:3080: checking whether to disable use of POSIX saved ids
configure:3105: result: no
configure:3109: checking whether to disable shadow password support
configure:3130: result: no
configure:3134: checking whether root should be allowed to use sudo
configure:3158: result: yes
configure:3162: checking whether to log the hostname in the log file
configure:3187: result: no
configure:3191: checking whether to invoke a shell if sudo is given no arguments
configure:3216: result: no
configure:3220: checking whether to set $HOME to target user in shell mode
configure:3245: result: no
configure:3249: checking whether to disable 'command not found' messages
configure:3274: result: no
configure:3280: checking for egrep
configure:3296: found /bin/egrep
configure:3306: result: egrep
configure:3369: checking for gcc
configure:3385: found /usr/bin/gcc
configure:3395: result: gcc
configure:3639: checking for C compiler version
configure:3642: gcc --version </dev/null >&5
gcc (Ubuntu/Linaro 4.7.2-2ubuntu1) 4.7.2
Copyright (C) 2012 Free Software Foundation, Inc.
This is free software; see the source for copying conditions.  There is NO
warranty; not even for MERCHANTABILITY or FITNESS FOR A PARTICULAR PURPOSE.

configure:3645: $? = 0
configure:3647: gcc -v </dev/null >&5
Using built-in specs.
COLLECT_GCC=gcc
COLLECT_LTO_WRAPPER=/usr/lib/gcc/x86_64-linux-gnu/4.7/lto-wrapper
Target: x86_64-linux-gnu
Configured with: ../src/configure -v --with-pkgversion='Ubuntu/Linaro 4.7.2-2ubuntu1' --with-bugurl=file:///usr/share/doc/gcc-4.7/README.Bugs --enable-languages=c,c++,go,fortran,objc,obj-c++ --prefix=/usr --program-suffix=-4.7 --enable-shared --enable-linker-build-id --with-system-zlib --libexecdir=/usr/lib --without-included-gettext --enable-threads=posix --with-gxx-include-dir=/usr/include/c++/4.7 --libdir=/usr/lib --enable-nls --with-sysroot=/ --enable-clocale=gnu --enable-libstdcxx-debug --enable-libstdcxx-time=yes --enable-gnu-unique-object --enable-plugin --enable-objc-gc --disable-werror --with-arch-32=i686 --with-tune=generic --enable-checking=release --build=x86_64-linux-gnu --host=x86_64-linux-gnu --target=x86_64-linux-gnu
Thread model: posix
gcc version 4.7.2 (Ubuntu/Linaro 4.7.2-2ubuntu1) 
configure:3650: $? = 0
configure:3652: gcc -V </dev/null >&5
gcc: error: unrecognized command line option '-V'
gcc: fatal error: no input files
compilation terminated.
configure:3655: $? = 4
configure:3679: checking for C compiler default output
configure:3682: gcc    conftest.c  >&5
configure:3685: $? = 0
configure:3731: result: a.out
configure:3736: checking whether the C compiler works
configure:3742: ./a.out
configure:3745: $? = 0
configure:3762: result: yes
configure:3769: checking whether we are cross compiling
configure:3771: result: no
configure:3774: checking for suffix of executables
configure:3776: gcc -o conftest    conftest.c  >&5
configure:3779: $? = 0
configure:3804: result: 
configure:3810: checking for suffix of object files
configure:3832: gcc -c   conftest.c >&5
configure:3835: $? = 0
configure:3857: result: o
configure:3861: checking whether we are using the GNU C compiler
configure:3886: gcc -c   conftest.c >&5
configure:3889: $? = 0
configure:3892: test -s conftest.o
configure:3895: $? = 0
configure:3908: result: yes
configure:3914: checking whether gcc accepts -g
configure:3956: result: no
configure:3973: checking for gcc option to accept ANSI C
configure:4034: gcc  -c -O2  conftest.c >&5
configure:4037: $? = 0
configure:4040: test -s conftest.o
configure:4043: $? = 0
configure:4061: result: none needed
configure:4079: gcc -c -O2  conftest.c >&5
conftest.c:2:3: error: unknown type name 'choke'
conftest.c:2:3: error: expected '=', ',', ';', 'asm' or '__attribute__' at end of input
configure:4082: $? = 1
configure: failed program was:
| #ifndef __cplusplus
|   choke me
| #endif
configure:4192: checking for library containing strerror
configure:4223: gcc -o conftest -O2   conftest.c  >&5
configure:4226: $? = 0
configure:4229: test -s conftest
configure:4232: $? = 0
configure:4291: result: none required
configure:4308: checking how to run the C preprocessor
configure:4344: gcc -E  conftest.c
configure:4350: $? = 0
configure:4382: gcc -E  conftest.c
configure:4397:28: fatal error: ac_nonexistent.h: No such file or directory
compilation terminated.
configure:4388: $? = 1
configure: failed program was:
| #line 4373 "configure"
| /* confdefs.h.  */
| 
| #define PACKAGE_NAME "sudo"
| #define PACKAGE_TARNAME "sudo"
| #define PACKAGE_VERSION "1.6.7"
| #define PACKAGE_STRING "sudo 1.6.7"
| #define PACKAGE_BUGREPORT ""
| #define LOGGING SLOG_SYSLOG
| #define LOGFAC "local2"
| #define PRI_SUCCESS "notice"
| #define PRI_FAILURE "alert"
| #define MAXLOGFILELEN 80
| #define SEND_MAIL_WHEN_NO_USER 1
| #define MAILTO "root"
| #define MAILSUBJECT "*** SECURITY information for %h ***"
| #define PASSPROMPT "Password:"
| #define INCORRECT_PASSWORD "Sorry, try again."
| #define SUDO_UMASK 0022
| #define RUNAS_DEFAULT "root"
| #define EDITOR _PATH_VI
| #define TRIES_FOR_PASSWORD 3
| #define TIMEOUT 5
| #define PASSWORD_TIMEOUT 5
| /* end confdefs.h.  */
| #include <ac_nonexistent.h>
configure:4426: result: gcc -E
configure:4451: gcc -E  conftest.c
configure:4457: $? = 0
configure:4489: gcc -E  conftest.c
configure:4504:28: fatal error: ac_nonexistent.h: No such file or directory
compilation terminated.
configure:4495: $? = 1
configure: failed program was:
| #line 4480 "configure"
| /* confdefs.h.  */
| 
| #define PACKAGE_NAME "sudo"
| #define PACKAGE_TARNAME "sudo"
| #define PACKAGE_VERSION "1.6.7"
| #define PACKAGE_STRING "sudo 1.6.7"
| #define PACKAGE_BUGREPORT ""
| #define LOGGING SLOG_SYSLOG
| #define LOGFAC "local2"
| #define PRI_SUCCESS "notice"
| #define PRI_FAILURE "alert"
| #define MAXLOGFILELEN 80
| #define SEND_MAIL_WHEN_NO_USER 1
| #define MAILTO "root"
| #define MAILSUBJECT "*** SECURITY information for %h ***"
| #define PASSPROMPT "Password:"
| #define INCORRECT_PASSWORD "Sorry, try again."
| #define SUDO_UMASK 0022
| #define RUNAS_DEFAULT "root"
| #define EDITOR _PATH_VI
| #define TRIES_FOR_PASSWORD 3
| #define TIMEOUT 5
| #define PASSWORD_TIMEOUT 5
| /* end confdefs.h.  */
| #include <ac_nonexistent.h>
configure:4544: checking for uname
configure:4560: found /bin/uname
configure:4570: result: uname
configure:4579: checking for tr
configure:4595: found /usr/bin/tr
configure:4605: result: tr
configure:4614: checking for sed
configure:4630: found /bin/sed
configure:4640: result: sed
configure:4649: checking for nroff
configure:4665: found /usr/bin/nroff
configure:4675: result: nroff
configure:4718: checking build system type
configure:4736: result: x86_64-unknown-linux-gnu
configure:4744: checking host system type
configure:4758: result: x86_64-unknown-linux-gnu
configure:6025: checking for getspnam
configure:6075: gcc -o conftest -O2   conftest.c  >&5
configure:6078: $? = 0
configure:6081: test -s conftest
configure:6084: $? = 0
configure:6095: result: yes
configure:7189: checking for egrep
configure:7199: result: grep -E
configure:7205: checking whether gcc needs -traditional
configure:7249: result: no
configure:7256: checking for an ANSI C-conforming const
configure:7324: gcc -c -O2  conftest.c >&5
configure:7327: $? = 0
configure:7330: test -s conftest.o
configure:7333: $? = 0
configure:7344: result: yes
configure:7354: checking for working volatile
configure:7378: gcc -c -O2  conftest.c >&5
configure:7381: $? = 0
configure:7384: test -s conftest.o
configure:7387: $? = 0
configure:7398: result: yes
configure:7412: checking for bison
configure:7428: found /usr/bin/bison
configure:7438: result: bison -y
configure:7449: checking for mv
configure:7459: result: /bin/mv
configure:7484: checking for bourne shell
configure:7487: result: /bin/sh
configure:7548: checking for sendmail
configure:7551: result: /usr/sbin/sendmail
configure:7599: checking for vi
configure:7602: result: /usr/bin/vi
configure:7642: checking for ANSI C header files
configure:7668: gcc -c -O2  conftest.c >&5
configure:7671: $? = 0
configure:7674: test -s conftest.o
configure:7677: $? = 0
configure:7769: gcc -o conftest -O2   conftest.c  >&5
configure: In function 'main':
configure:7783:7: warning: incompatible implicit declaration of built-in function 'exit' [enabled by default]
configure:7772: $? = 0
configure:7774: ./conftest
configure:7777: $? = 0
configure:7792: result: yes
configure:7810: checking for dirent.h that defines DIR
configure:7835: gcc -c -O2  conftest.c >&5
configure:7838: $? = 0
configure:7841: test -s conftest.o
configure:7844: $? = 0
configure:7855: result: yes
configure:7868: checking for library containing opendir
configure:7899: gcc -o conftest -O2   conftest.c  >&5
configure:7902: $? = 0
configure:7905: test -s conftest
configure:7908: $? = 0
configure:7967: result: none required
configure:8097: checking for sys/types.h
configure:8114: gcc -c -O2  conftest.c >&5
configure:8117: $? = 0
configure:8120: test -s conftest.o
configure:8123: $? = 0
configure:8134: result: yes
configure:8097: checking for sys/stat.h
configure:8114: gcc -c -O2  conftest.c >&5
configure:8117: $? = 0
configure:8120: test -s conftest.o
configure:8123: $? = 0
configure:8134: result: yes
configure:8097: checking for stdlib.h
configure:8114: gcc -c -O2  conftest.c >&5
configure:8117: $? = 0
configure:8120: test -s conftest.o
configure:8123: $? = 0
configure:8134: result: yes
configure:8097: checking for string.h
configure:8114: gcc -c -O2  conftest.c >&5
configure:8117: $? = 0
configure:8120: test -s conftest.o
configure:8123: $? = 0
configure:8134: result: yes
configure:8097: checking for memory.h
configure:8114: gcc -c -O2  conftest.c >&5
configure:8117: $? = 0
configure:8120: test -s conftest.o
configure:8123: $? = 0
configure:8134: result: yes
configure:8097: checking for strings.h
configure:8114: gcc -c -O2  conftest.c >&5
configure:8117: $? = 0
configure:8120: test -s conftest.o
configure:8123: $? = 0
configure:8134: result: yes
configure:8097: checking for inttypes.h
configure:8114: gcc -c -O2  conftest.c >&5
configure:8117: $? = 0
configure:8120: test -s conftest.o
configure:8123: $? = 0
configure:8134: result: yes
configure:8097: checking for stdint.h
configure:8114: gcc -c -O2  conftest.c >&5
configure:8117: $? = 0
configure:8120: test -s conftest.o
configure:8123: $? = 0
configure:8134: result: yes
configure:8097: checking for unistd.h
configure:8114: gcc -c -O2  conftest.c >&5
configure:8117: $? = 0
configure:8120: test -s conftest.o
configure:8123: $? = 0
configure:8134: result: yes
configure:8166: checking malloc.h usability
configure:8179: gcc -c -O2  conftest.c >&5
configure:8182: $? = 0
configure:8185: test -s conftest.o
configure:8188: $? = 0
configure:8198: result: yes
configure:8202: checking malloc.h presence
configure:8213: gcc -E  conftest.c
configure:8219: $? = 0
configure:8238: result: yes
configure:8274: checking for malloc.h
configure:8281: result: yes
configure:8166: checking paths.h usability
configure:8179: gcc -c -O2  conftest.c >&5
configure:8182: $? = 0
configure:8185: test -s conftest.o
configure:8188: $? = 0
configure:8198: result: yes
configure:8202: checking paths.h presence
configure:8213: gcc -E  conftest.c
configure:8219: $? = 0
configure:8238: result: yes
configure:8274: checking for paths.h
configure:8281: result: yes
configure:8166: checking utime.h usability
configure:8179: gcc -c -O2  conftest.c >&5
configure:8182: $? = 0
configure:8185: test -s conftest.o
configure:8188: $? = 0
configure:8198: result: yes
configure:8202: checking utime.h presence
configure:8213: gcc -E  conftest.c
configure:8219: $? = 0
configure:8238: result: yes
configure:8274: checking for utime.h
configure:8281: result: yes
configure:8166: checking netgroup.h usability
configure:8179: gcc -c -O2  conftest.c >&5
configure:8245:22: fatal error: netgroup.h: No such file or directory
compilation terminated.
configure:8182: $? = 1
configure: failed program was:
| #line 8168 "configure"
| /* confdefs.h.  */
| 
| #define PACKAGE_NAME "sudo"
| #define PACKAGE_TARNAME "sudo"
| #define PACKAGE_VERSION "1.6.7"
| #define PACKAGE_STRING "sudo 1.6.7"
| #define PACKAGE_BUGREPORT ""
| #define LOGGING SLOG_SYSLOG
| #define LOGFAC "local2"
| #define PRI_SUCCESS "notice"
| #define PRI_FAILURE "alert"
| #define MAXLOGFILELEN 80
| #define SEND_MAIL_WHEN_NO_USER 1
| #define MAILTO "root"
| #define MAILSUBJECT "*** SECURITY information for %h ***"
| #define PASSPROMPT "Password:"
| #define INCORRECT_PASSWORD "Sorry, try again."
| #define SUDO_UMASK 0022
| #define RUNAS_DEFAULT "root"
| #define EDITOR _PATH_VI
| #define TRIES_FOR_PASSWORD 3
| #define TIMEOUT 5
| #define PASSWORD_TIMEOUT 5
| #define HAVE_GETSPNAM 1
| #define _PATH_MV "/bin/mv"
| #define _PATH_BSHELL "/bin/sh"
| #define _PATH_SUDO_SENDMAIL "/usr/sbin/sendmail"
| #define _PATH_VI "/usr/bin/vi"
| #define STDC_HEADERS 1
| #define HAVE_DIRENT_H 1
| #define HAVE_SYS_TYPES_H 1
| #define HAVE_SYS_STAT_H 1
| #define HAVE_STDLIB_H 1
| #define HAVE_STRING_H 1
| #define HAVE_MEMORY_H 1
| #define HAVE_STRINGS_H 1
| #define HAVE_INTTYPES_H 1
| #define HAVE_STDINT_H 1
| #define HAVE_UNISTD_H 1
| #define HAVE_MALLOC_H 1
| #define HAVE_PATHS_H 1
| #define HAVE_UTIME_H 1
| /* end confdefs.h.  */
| #include <stdio.h>
| #if HAVE_SYS_TYPES_H
| # include <sys/types.h>
| #endif
| #if HAVE_SYS_STAT_H
| # include <sys/stat.h>
| #endif
| #if STDC_HEADERS
| # include <stdlib.h>
| # include <stddef.h>
| #else
| # if HAVE_STDLIB_H
| #  include <stdlib.h>
| # endif
| #endif
| #if HAVE_STRING_H
| # if !STDC_HEADERS && HAVE_MEMORY_H
| #  include <memory.h>
| # endif
| # include <string.h>
| #endif
| #if HAVE_STRINGS_H
| # include <strings.h>
| #endif
| #if HAVE_INTTYPES_H
| # include <inttypes.h>
| #else
| # if HAVE_STDINT_H
| #  include <stdint.h>
| # endif
| #endif
| #if HAVE_UNISTD_H
| # include <unistd.h>
| #endif
| #include <netgroup.h>
configure:8198: result: no
configure:8202: checking netgroup.h presence
configure:8213: gcc -E  conftest.c
configure:8247:22: fatal error: netgroup.h: No such file or directory
compilation terminated.
configure:8219: $? = 1
configure: failed program was:
| #line 8204 "configure"
| /* confdefs.h.  */
| 
| #define PACKAGE_NAME "sudo"
| #define PACKAGE_TARNAME "sudo"
| #define PACKAGE_VERSION "1.6.7"
| #define PACKAGE_STRING "sudo 1.6.7"
| #define PACKAGE_BUGREPORT ""
| #define LOGGING SLOG_SYSLOG
| #define LOGFAC "local2"
| #define PRI_SUCCESS "notice"
| #define PRI_FAILURE "alert"
| #define MAXLOGFILELEN 80
| #define SEND_MAIL_WHEN_NO_USER 1
| #define MAILTO "root"
| #define MAILSUBJECT "*** SECURITY information for %h ***"
| #define PASSPROMPT "Password:"
| #define INCORRECT_PASSWORD "Sorry, try again."
| #define SUDO_UMASK 0022
| #define RUNAS_DEFAULT "root"
| #define EDITOR _PATH_VI
| #define TRIES_FOR_PASSWORD 3
| #define TIMEOUT 5
| #define PASSWORD_TIMEOUT 5
| #define HAVE_GETSPNAM 1
| #define _PATH_MV "/bin/mv"
| #define _PATH_BSHELL "/bin/sh"
| #define _PATH_SUDO_SENDMAIL "/usr/sbin/sendmail"
| #define _PATH_VI "/usr/bin/vi"
| #define STDC_HEADERS 1
| #define HAVE_DIRENT_H 1
| #define HAVE_SYS_TYPES_H 1
| #define HAVE_SYS_STAT_H 1
| #define HAVE_STDLIB_H 1
| #define HAVE_STRING_H 1
| #define HAVE_MEMORY_H 1
| #define HAVE_STRINGS_H 1
| #define HAVE_INTTYPES_H 1
| #define HAVE_STDINT_H 1
| #define HAVE_UNISTD_H 1
| #define HAVE_MALLOC_H 1
| #define HAVE_PATHS_H 1
| #define HAVE_UTIME_H 1
| /* end confdefs.h.  */
| #include <netgroup.h>
configure:8238: result: no
configure:8274: checking for netgroup.h
configure:8281: result: no
configure:8166: checking sys/sockio.h usability
configure:8179: gcc -c -O2  conftest.c >&5
configure:8245:24: fatal error: sys/sockio.h: No such file or directory
compilation terminated.
configure:8182: $? = 1
configure: failed program was:
| #line 8168 "configure"
| /* confdefs.h.  */
| 
| #define PACKAGE_NAME "sudo"
| #define PACKAGE_TARNAME "sudo"
| #define PACKAGE_VERSION "1.6.7"
| #define PACKAGE_STRING "sudo 1.6.7"
| #define PACKAGE_BUGREPORT ""
| #define LOGGING SLOG_SYSLOG
| #define LOGFAC "local2"
| #define PRI_SUCCESS "notice"
| #define PRI_FAILURE "alert"
| #define MAXLOGFILELEN 80
| #define SEND_MAIL_WHEN_NO_USER 1
| #define MAILTO "root"
| #define MAILSUBJECT "*** SECURITY information for %h ***"
| #define PASSPROMPT "Password:"
| #define INCORRECT_PASSWORD "Sorry, try again."
| #define SUDO_UMASK 0022
| #define RUNAS_DEFAULT "root"
| #define EDITOR _PATH_VI
| #define TRIES_FOR_PASSWORD 3
| #define TIMEOUT 5
| #define PASSWORD_TIMEOUT 5
| #define HAVE_GETSPNAM 1
| #define _PATH_MV "/bin/mv"
| #define _PATH_BSHELL "/bin/sh"
| #define _PATH_SUDO_SENDMAIL "/usr/sbin/sendmail"
| #define _PATH_VI "/usr/bin/vi"
| #define STDC_HEADERS 1
| #define HAVE_DIRENT_H 1
| #define HAVE_SYS_TYPES_H 1
| #define HAVE_SYS_STAT_H 1
| #define HAVE_STDLIB_H 1
| #define HAVE_STRING_H 1
| #define HAVE_MEMORY_H 1
| #define HAVE_STRINGS_H 1
| #define HAVE_INTTYPES_H 1
| #define HAVE_STDINT_H 1
| #define HAVE_UNISTD_H 1
| #define HAVE_MALLOC_H 1
| #define HAVE_PATHS_H 1
| #define HAVE_UTIME_H 1
| /* end confdefs.h.  */
| #include <stdio.h>
| #if HAVE_SYS_TYPES_H
| # include <sys/types.h>
| #endif
| #if HAVE_SYS_STAT_H
| # include <sys/stat.h>
| #endif
| #if STDC_HEADERS
| # include <stdlib.h>
| # include <stddef.h>
| #else
| # if HAVE_STDLIB_H
| #  include <stdlib.h>
| # endif
| #endif
| #if HAVE_STRING_H
| # if !STDC_HEADERS && HAVE_MEMORY_H
| #  include <memory.h>
| # endif
| # include <string.h>
| #endif
| #if HAVE_STRINGS_H
| # include <strings.h>
| #endif
| #if HAVE_INTTYPES_H
| # include <inttypes.h>
| #else
| # if HAVE_STDINT_H
| #  include <stdint.h>
| # endif
| #endif
| #if HAVE_UNISTD_H
| # include <unistd.h>
| #endif
| #include <sys/sockio.h>
configure:8198: result: no
configure:8202: checking sys/sockio.h presence
configure:8213: gcc -E  conftest.c
configure:8247:24: fatal error: sys/sockio.h: No such file or directory
compilation terminated.
configure:8219: $? = 1
configure: failed program was:
| #line 8204 "configure"
| /* confdefs.h.  */
| 
| #define PACKAGE_NAME "sudo"
| #define PACKAGE_TARNAME "sudo"
| #define PACKAGE_VERSION "1.6.7"
| #define PACKAGE_STRING "sudo 1.6.7"
| #define PACKAGE_BUGREPORT ""
| #define LOGGING SLOG_SYSLOG
| #define LOGFAC "local2"
| #define PRI_SUCCESS "notice"
| #define PRI_FAILURE "alert"
| #define MAXLOGFILELEN 80
| #define SEND_MAIL_WHEN_NO_USER 1
| #define MAILTO "root"
| #define MAILSUBJECT "*** SECURITY information for %h ***"
| #define PASSPROMPT "Password:"
| #define INCORRECT_PASSWORD "Sorry, try again."
| #define SUDO_UMASK 0022
| #define RUNAS_DEFAULT "root"
| #define EDITOR _PATH_VI
| #define TRIES_FOR_PASSWORD 3
| #define TIMEOUT 5
| #define PASSWORD_TIMEOUT 5
| #define HAVE_GETSPNAM 1
| #define _PATH_MV "/bin/mv"
| #define _PATH_BSHELL "/bin/sh"
| #define _PATH_SUDO_SENDMAIL "/usr/sbin/sendmail"
| #define _PATH_VI "/usr/bin/vi"
| #define STDC_HEADERS 1
| #define HAVE_DIRENT_H 1
| #define HAVE_SYS_TYPES_H 1
| #define HAVE_SYS_STAT_H 1
| #define HAVE_STDLIB_H 1
| #define HAVE_STRING_H 1
| #define HAVE_MEMORY_H 1
| #define HAVE_STRINGS_H 1
| #define HAVE_INTTYPES_H 1
| #define HAVE_STDINT_H 1
| #define HAVE_UNISTD_H 1
| #define HAVE_MALLOC_H 1
| #define HAVE_PATHS_H 1
| #define HAVE_UTIME_H 1
| /* end confdefs.h.  */
| #include <sys/sockio.h>
configure:8238: result: no
configure:8274: checking for sys/sockio.h
configure:8281: result: no
configure:8166: checking sys/bsdtypes.h usability
configure:8179: gcc -c -O2  conftest.c >&5
configure:8245:26: fatal error: sys/bsdtypes.h: No such file or directory
compilation terminated.
configure:8182: $? = 1
configure: failed program was:
| #line 8168 "configure"
| /* confdefs.h.  */
| 
| #define PACKAGE_NAME "sudo"
| #define PACKAGE_TARNAME "sudo"
| #define PACKAGE_VERSION "1.6.7"
| #define PACKAGE_STRING "sudo 1.6.7"
| #define PACKAGE_BUGREPORT ""
| #define LOGGING SLOG_SYSLOG
| #define LOGFAC "local2"
| #define PRI_SUCCESS "notice"
| #define PRI_FAILURE "alert"
| #define MAXLOGFILELEN 80
| #define SEND_MAIL_WHEN_NO_USER 1
| #define MAILTO "root"
| #define MAILSUBJECT "*** SECURITY information for %h ***"
| #define PASSPROMPT "Password:"
| #define INCORRECT_PASSWORD "Sorry, try again."
| #define SUDO_UMASK 0022
| #define RUNAS_DEFAULT "root"
| #define EDITOR _PATH_VI
| #define TRIES_FOR_PASSWORD 3
| #define TIMEOUT 5
| #define PASSWORD_TIMEOUT 5
| #define HAVE_GETSPNAM 1
| #define _PATH_MV "/bin/mv"
| #define _PATH_BSHELL "/bin/sh"
| #define _PATH_SUDO_SENDMAIL "/usr/sbin/sendmail"
| #define _PATH_VI "/usr/bin/vi"
| #define STDC_HEADERS 1
| #define HAVE_DIRENT_H 1
| #define HAVE_SYS_TYPES_H 1
| #define HAVE_SYS_STAT_H 1
| #define HAVE_STDLIB_H 1
| #define HAVE_STRING_H 1
| #define HAVE_MEMORY_H 1
| #define HAVE_STRINGS_H 1
| #define HAVE_INTTYPES_H 1
| #define HAVE_STDINT_H 1
| #define HAVE_UNISTD_H 1
| #define HAVE_MALLOC_H 1
| #define HAVE_PATHS_H 1
| #define HAVE_UTIME_H 1
| /* end confdefs.h.  */
| #include <stdio.h>
| #if HAVE_SYS_TYPES_H
| # include <sys/types.h>
| #endif
| #if HAVE_SYS_STAT_H
| # include <sys/stat.h>
| #endif
| #if STDC_HEADERS
| # include <stdlib.h>
| # include <stddef.h>
| #else
| # if HAVE_STDLIB_H
| #  include <stdlib.h>
| # endif
| #endif
| #if HAVE_STRING_H
| # if !STDC_HEADERS && HAVE_MEMORY_H
| #  include <memory.h>
| # endif
| # include <string.h>
| #endif
| #if HAVE_STRINGS_H
| # include <strings.h>
| #endif
| #if HAVE_INTTYPES_H
| # include <inttypes.h>
| #else
| # if HAVE_STDINT_H
| #  include <stdint.h>
| # endif
| #endif
| #if HAVE_UNISTD_H
| # include <unistd.h>
| #endif
| #include <sys/bsdtypes.h>
configure:8198: result: no
configure:8202: checking sys/bsdtypes.h presence
configure:8213: gcc -E  conftest.c
configure:8247:26: fatal error: sys/bsdtypes.h: No such file or directory
compilation terminated.
configure:8219: $? = 1
configure: failed program was:
| #line 8204 "configure"
| /* confdefs.h.  */
| 
| #define PACKAGE_NAME "sudo"
| #define PACKAGE_TARNAME "sudo"
| #define PACKAGE_VERSION "1.6.7"
| #define PACKAGE_STRING "sudo 1.6.7"
| #define PACKAGE_BUGREPORT ""
| #define LOGGING SLOG_SYSLOG
| #define LOGFAC "local2"
| #define PRI_SUCCESS "notice"
| #define PRI_FAILURE "alert"
| #define MAXLOGFILELEN 80
| #define SEND_MAIL_WHEN_NO_USER 1
| #define MAILTO "root"
| #define MAILSUBJECT "*** SECURITY information for %h ***"
| #define PASSPROMPT "Password:"
| #define INCORRECT_PASSWORD "Sorry, try again."
| #define SUDO_UMASK 0022
| #define RUNAS_DEFAULT "root"
| #define EDITOR _PATH_VI
| #define TRIES_FOR_PASSWORD 3
| #define TIMEOUT 5
| #define PASSWORD_TIMEOUT 5
| #define HAVE_GETSPNAM 1
| #define _PATH_MV "/bin/mv"
| #define _PATH_BSHELL "/bin/sh"
| #define _PATH_SUDO_SENDMAIL "/usr/sbin/sendmail"
| #define _PATH_VI "/usr/bin/vi"
| #define STDC_HEADERS 1
| #define HAVE_DIRENT_H 1
| #define HAVE_SYS_TYPES_H 1
| #define HAVE_SYS_STAT_H 1
| #define HAVE_STDLIB_H 1
| #define HAVE_STRING_H 1
| #define HAVE_MEMORY_H 1
| #define HAVE_STRINGS_H 1
| #define HAVE_INTTYPES_H 1
| #define HAVE_STDINT_H 1
| #define HAVE_UNISTD_H 1
| #define HAVE_MALLOC_H 1
| #define HAVE_PATHS_H 1
| #define HAVE_UTIME_H 1
| /* end confdefs.h.  */
| #include <sys/bsdtypes.h>
configure:8238: result: no
configure:8274: checking for sys/bsdtypes.h
configure:8281: result: no
configure:8166: checking sys/select.h usability
configure:8179: gcc -c -O2  conftest.c >&5
configure:8182: $? = 0
configure:8185: test -s conftest.o
configure:8188: $? = 0
configure:8198: result: yes
configure:8202: checking sys/select.h presence
configure:8213: gcc -E  conftest.c
configure:8219: $? = 0
configure:8238: result: yes
configure:8274: checking for sys/select.h
configure:8281: result: yes
configure:8295: checking POSIX termios
configure:8321: gcc -o conftest -O2   conftest.c  >&5
configure:8324: $? = 0
configure:8327: test -s conftest
configure:8330: $? = 0
configure:8341: result: yes
configure:8781: checking for mode_t
configure:8806: gcc -c -O2  conftest.c >&5
configure:8809: $? = 0
configure:8812: test -s conftest.o
configure:8815: $? = 0
configure:8826: result: yes
configure:8838: checking for uid_t in sys/types.h
configure:8862: result: yes
configure:8877: checking for sig_atomic_t
configure:8904: gcc -c -O2  conftest.c >&5
configure:8907: $? = 0
configure:8910: test -s conftest.o
configure:8913: $? = 0
configure:8924: result: yes
configure:8941: checking for sigaction_t
configure:8968: gcc -c -O2  conftest.c >&5
configure: In function 'main':
configure:8998:6: error: 'sigaction_t' undeclared (first use in this function)
configure:8998:6: note: each undeclared identifier is reported only once for each function it appears in
configure:8998:19: error: expected expression before ')' token
configure:8971: $? = 1
configure: failed program was:
| #line 8946 "configure"
| /* confdefs.h.  */
| 
| #define PACKAGE_NAME "sudo"
| #define PACKAGE_TARNAME "sudo"
| #define PACKAGE_VERSION "1.6.7"
| #define PACKAGE_STRING "sudo 1.6.7"
| #define PACKAGE_BUGREPORT ""
| #define LOGGING SLOG_SYSLOG
| #define LOGFAC "local2"
| #define PRI_SUCCESS "notice"
| #define PRI_FAILURE "alert"
| #define MAXLOGFILELEN 80
| #define SEND_MAIL_WHEN_NO_USER 1
| #define MAILTO "root"
| #define MAILSUBJECT "*** SECURITY information for %h ***"
| #define PASSPROMPT "Password:"
| #define INCORRECT_PASSWORD "Sorry, try again."
| #define SUDO_UMASK 0022
| #define RUNAS_DEFAULT "root"
| #define EDITOR _PATH_VI
| #define TRIES_FOR_PASSWORD 3
| #define TIMEOUT 5
| #define PASSWORD_TIMEOUT 5
| #define HAVE_GETSPNAM 1
| #define _PATH_MV "/bin/mv"
| #define _PATH_BSHELL "/bin/sh"
| #define _PATH_SUDO_SENDMAIL "/usr/sbin/sendmail"
| #define _PATH_VI "/usr/bin/vi"
| #define STDC_HEADERS 1
| #define HAVE_DIRENT_H 1
| #define HAVE_SYS_TYPES_H 1
| #define HAVE_SYS_STAT_H 1
| #define HAVE_STDLIB_H 1
| #define HAVE_STRING_H 1
| #define HAVE_MEMORY_H 1
| #define HAVE_STRINGS_H 1
| #define HAVE_INTTYPES_H 1
| #define HAVE_STDINT_H 1
| #define HAVE_UNISTD_H 1
| #define HAVE_MALLOC_H 1
| #define HAVE_PATHS_H 1
| #define HAVE_UTIME_H 1
| #define HAVE_SYS_SELECT_H 1
| #define HAVE_TERMIOS_H 1
| #define HAVE_SIG_ATOMIC_T 1
| /* end confdefs.h.  */
| #include <sys/types.h>
| #include <signal.h>
| 
| int
| main ()
| {
| if ((sigaction_t *) 0)
|   return 0;
| if (sizeof (sigaction_t))
|   return 0;
|   ;
|   return 0;
| }
configure:8988: result: no
configure:9003: checking for size_t
configure:9033: result: yes
configure:9043: checking for ssize_t
configure:9073: result: yes
configure:9083: checking for dev_t
configure:9113: result: yes
configure:9123: checking for ino_t
configure:9153: result: yes
configure:9163: checking for full void implementation
configure:9183: gcc -c -O2  conftest.c >&5
configure:9186: $? = 0
configure:9189: test -s conftest.o
configure:9192: $? = 0
configure:9199: result: yes
configure:9214: checking max length of uid_t
configure:9254: gcc -o conftest -O2   conftest.c  >&5
configure: In function 'main':
configure:9285:5: warning: incompatible implicit declaration of built-in function 'exit' [enabled by default]
configure:9288:29: warning: incompatible implicit declaration of built-in function 'strlen' [enabled by default]
configure:9288:3: warning: format '%d' expects argument of type 'int', but argument 3 has type 'long unsigned int' [-Wformat]
configure:9257: $? = 0
configure:9259: ./conftest
configure:9262: $? = 0
configure:9279: result: 10
configure:9287: checking for long long support
configure:9306: gcc -o conftest -O2   conftest.c  >&5
configure:9309: $? = 0
configure:9312: test -s conftest
configure:9315: $? = 0
configure:9339: gcc -o conftest -O2   conftest.c  >&5
configure: In function 'main':
configure:9378:48: warning: incompatible implicit declaration of built-in function 'exit' [enabled by default]
configure:9342: $? = 0
configure:9344: ./conftest
configure:9347: $? = 0
configure:9362: result: yes
configure:9372: checking for sa_len field in struct sockaddr
configure:9396: gcc -o conftest -O2   conftest.c  >&5
configure: In function 'main':
configure:9434:2: error: 'struct sockaddr' has no member named 'sa_len'
configure:9435:1: warning: incompatible implicit declaration of built-in function 'exit' [enabled by default]
configure:9399: $? = 1
configure: program exited with status 1
configure: failed program was:
| #line 9380 "configure"
| /* confdefs.h.  */
| 
| #define PACKAGE_NAME "sudo"
| #define PACKAGE_TARNAME "sudo"
| #define PACKAGE_VERSION "1.6.7"
| #define PACKAGE_STRING "sudo 1.6.7"
| #define PACKAGE_BUGREPORT ""
| #define LOGGING SLOG_SYSLOG
| #define LOGFAC "local2"
| #define PRI_SUCCESS "notice"
| #define PRI_FAILURE "alert"
| #define MAXLOGFILELEN 80
| #define SEND_MAIL_WHEN_NO_USER 1
| #define MAILTO "root"
| #define MAILSUBJECT "*** SECURITY information for %h ***"
| #define PASSPROMPT "Password:"
| #define INCORRECT_PASSWORD "Sorry, try again."
| #define SUDO_UMASK 0022
| #define RUNAS_DEFAULT "root"
| #define EDITOR _PATH_VI
| #define TRIES_FOR_PASSWORD 3
| #define TIMEOUT 5
| #define PASSWORD_TIMEOUT 5
| #define HAVE_GETSPNAM 1
| #define _PATH_MV "/bin/mv"
| #define _PATH_BSHELL "/bin/sh"
| #define _PATH_SUDO_SENDMAIL "/usr/sbin/sendmail"
| #define _PATH_VI "/usr/bin/vi"
| #define STDC_HEADERS 1
| #define HAVE_DIRENT_H 1
| #define HAVE_SYS_TYPES_H 1
| #define HAVE_SYS_STAT_H 1
| #define HAVE_STDLIB_H 1
| #define HAVE_STRING_H 1
| #define HAVE_MEMORY_H 1
| #define HAVE_STRINGS_H 1
| #define HAVE_INTTYPES_H 1
| #define HAVE_STDINT_H 1
| #define HAVE_UNISTD_H 1
| #define HAVE_MALLOC_H 1
| #define HAVE_PATHS_H 1
| #define HAVE_UTIME_H 1
| #define HAVE_SYS_SELECT_H 1
| #define HAVE_TERMIOS_H 1
| #define HAVE_SIG_ATOMIC_T 1
| #define VOID void
| #define MAX_UID_T_LEN 10
| #define HAVE_LONG_LONG 1
| #define LONG_IS_QUAD 1
| /* end confdefs.h.  */
| #include <sys/types.h>
| #include <sys/socket.h>
| main() {
| struct sockaddr s;
| s.sa_len = 0;
| exit(0);
| }
configure:9419: result: no
configure:9431: checking return type of signal handlers
configure:9463: gcc -c -O2  conftest.c >&5
configure:9466: $? = 0
configure:9469: test -s conftest.o
configure:9472: $? = 0
configure:9483: result: void
configure:9507: checking for strchr
configure:9557: gcc -o conftest -O2   conftest.c  >&5
configure:9579:6: warning: conflicting types for built-in function 'strchr' [enabled by default]
configure:9560: $? = 0
configure:9563: test -s conftest
configure:9566: $? = 0
configure:9577: result: yes
configure:9507: checking for strrchr
configure:9557: gcc -o conftest -O2   conftest.c  >&5
configure:9580:6: warning: conflicting types for built-in function 'strrchr' [enabled by default]
configure:9560: $? = 0
configure:9563: test -s conftest
configure:9566: $? = 0
configure:9577: result: yes
configure:9507: checking for memchr
configure:9557: gcc -o conftest -O2   conftest.c  >&5
configure:9581:6: warning: conflicting types for built-in function 'memchr' [enabled by default]
configure:9560: $? = 0
configure:9563: test -s conftest
configure:9566: $? = 0
configure:9577: result: yes
configure:9507: checking for memcpy
configure:9557: gcc -o conftest -O2   conftest.c  >&5
configure:9582:6: warning: conflicting types for built-in function 'memcpy' [enabled by default]
configure:9560: $? = 0
configure:9563: test -s conftest
configure:9566: $? = 0
configure:9577: result: yes
configure:9507: checking for memset
configure:9557: gcc -o conftest -O2   conftest.c  >&5
configure:9583:6: warning: conflicting types for built-in function 'memset' [enabled by default]
configure:9560: $? = 0
configure:9563: test -s conftest
configure:9566: $? = 0
configure:9577: result: yes
configure:9507: checking for sysconf
configure:9557: gcc -o conftest -O2   conftest.c  >&5
configure:9560: $? = 0
configure:9563: test -s conftest
configure:9566: $? = 0
configure:9577: result: yes
configure:9507: checking for tzset
configure:9557: gcc -o conftest -O2   conftest.c  >&5
configure:9560: $? = 0
configure:9563: test -s conftest
configure:9566: $? = 0
configure:9577: result: yes
configure:9507: checking for strftime
configure:9557: gcc -o conftest -O2   conftest.c  >&5
configure:9586:6: warning: conflicting types for built-in function 'strftime' [enabled by default]
configure:9560: $? = 0
configure:9563: test -s conftest
configure:9566: $? = 0
configure:9577: result: yes
configure:9507: checking for setrlimit
configure:9557: gcc -o conftest -O2   conftest.c  >&5
configure:9560: $? = 0
configure:9563: test -s conftest
configure:9566: $? = 0
configure:9577: result: yes
configure:9507: checking for initgroups
configure:9557: gcc -o conftest -O2   conftest.c  >&5
configure:9560: $? = 0
configure:9563: test -s conftest
configure:9566: $? = 0
configure:9577: result: yes
configure:9507: checking for fstat
configure:9557: gcc -o conftest -O2   conftest.c  >&5
configure:9560: $? = 0
configure:9563: test -s conftest
configure:9566: $? = 0
configure:9577: result: yes
configure:9592: checking for setresuid
configure:9642: gcc -o conftest -O2   conftest.c  >&5
configure:9645: $? = 0
configure:9648: test -s conftest
configure:9651: $? = 0
configure:9662: result: yes
configure:9764: checking for getifaddrs
configure:9814: gcc -o conftest -O2   conftest.c  >&5
configure:9817: $? = 0
configure:9820: test -s conftest
configure:9823: $? = 0
configure:9834: result: yes
configure:9844: checking for freeifaddrs
configure:9894: gcc -o conftest -O2   conftest.c  >&5
configure:9897: $? = 0
configure:9900: test -s conftest
configure:9903: $? = 0
configure:9914: result: yes
configure:10021: checking for getcwd
configure:10071: gcc -o conftest -O2   conftest.c  >&5
configure:10074: $? = 0
configure:10077: test -s conftest
configure:10080: $? = 0
configure:10091: result: yes
configure:10110: checking for lockf
configure:10160: gcc -o conftest -O2   conftest.c  >&5
configure:10163: $? = 0
configure:10166: test -s conftest
configure:10169: $? = 0
configure:10180: result: yes
configure:10195: checking for waitpid
configure:10245: gcc -o conftest -O2   conftest.c  >&5
configure:10248: $? = 0
configure:10251: test -s conftest
configure:10254: $? = 0
configure:10265: result: yes
configure:10280: checking for innetgr
configure:10330: gcc -o conftest -O2   conftest.c  >&5
configure:10333: $? = 0
configure:10336: test -s conftest
configure:10339: $? = 0
configure:10350: result: yes
configure:10360: checking for getdomainname
configure:10410: gcc -o conftest -O2   conftest.c  >&5
configure:10413: $? = 0
configure:10416: test -s conftest
configure:10419: $? = 0
configure:10430: result: yes
configure:10447: checking for lsearch
configure:10497: gcc -o conftest -O2   conftest.c  >&5
configure:10500: $? = 0
configure:10503: test -s conftest
configure:10506: $? = 0
configure:10517: result: yes
configure:10643: checking for utime
configure:10693: gcc -o conftest -O2   conftest.c  >&5
configure:10696: $? = 0
configure:10699: test -s conftest
configure:10702: $? = 0
configure:10713: result: yes
configure:10719: checking for POSIX utime
configure:10746: gcc -o conftest -O2   conftest.c  >&5
configure: In function 'main':
configure:10807:1: warning: incompatible implicit declaration of built-in function 'exit' [enabled by default]
configure:10749: $? = 0
configure:10751: ./conftest
configure:10754: $? = 0
configure:10769: result: yes
configure:10784: checking for working fnmatch with FNM_CASEFOLD
configure:10805: gcc -o conftest -O2   conftest.c  >&5
configure: In function 'main':
configure:10867:10: warning: incompatible implicit declaration of built-in function 'exit' [enabled by default]
configure:10808: $? = 0
configure:10810: ./conftest
configure:10813: $? = 0
configure:10828: result: yes
configure:10840: checking for isblank
configure:10862: gcc -o conftest -O2   conftest.c  >&5
configure:10865: $? = 0
configure:10868: test -s conftest
configure:10871: $? = 0
configure:10882: result: yes
configure:10901: checking for strerror
configure:10951: gcc -o conftest -O2   conftest.c  >&5
configure:10954: $? = 0
configure:10957: test -s conftest
configure:10960: $? = 0
configure:10971: result: yes
configure:10901: checking for strcasecmp
configure:10951: gcc -o conftest -O2   conftest.c  >&5
configure:10998:6: warning: conflicting types for built-in function 'strcasecmp' [enabled by default]
configure:10954: $? = 0
configure:10957: test -s conftest
configure:10960: $? = 0
configure:10971: result: yes
configure:10901: checking for sigaction
configure:10951: gcc -o conftest -O2   conftest.c  >&5
configure:10954: $? = 0
configure:10957: test -s conftest
configure:10960: $? = 0
configure:10971: result: yes
configure:10901: checking for strlcpy
configure:10951: gcc -o conftest -O2   conftest.c  >&5
/tmp/ccK4VneT.o:conftest.c:function f: error: undefined reference to 'strlcpy'
/tmp/ccK4VneT.o:conftest.c:function main: error: undefined reference to 'strlcpy'
collect2: error: ld returned 1 exit status
configure:10954: $? = 1
configure: failed program was:
| #line 10906 "configure"
| /* confdefs.h.  */
| 
| #define PACKAGE_NAME "sudo"
| #define PACKAGE_TARNAME "sudo"
| #define PACKAGE_VERSION "1.6.7"
| #define PACKAGE_STRING "sudo 1.6.7"
| #define PACKAGE_BUGREPORT ""
| #define LOGGING SLOG_SYSLOG
| #define LOGFAC "local2"
| #define PRI_SUCCESS "notice"
| #define PRI_FAILURE "alert"
| #define MAXLOGFILELEN 80
| #define SEND_MAIL_WHEN_NO_USER 1
| #define MAILTO "root"
| #define MAILSUBJECT "*** SECURITY information for %h ***"
| #define PASSPROMPT "Password:"
| #define INCORRECT_PASSWORD "Sorry, try again."
| #define SUDO_UMASK 0022
| #define RUNAS_DEFAULT "root"
| #define EDITOR _PATH_VI
| #define TRIES_FOR_PASSWORD 3
| #define TIMEOUT 5
| #define PASSWORD_TIMEOUT 5
| #define HAVE_GETSPNAM 1
| #define _PATH_MV "/bin/mv"
| #define _PATH_BSHELL "/bin/sh"
| #define _PATH_SUDO_SENDMAIL "/usr/sbin/sendmail"
| #define _PATH_VI "/usr/bin/vi"
| #define STDC_HEADERS 1
| #define HAVE_DIRENT_H 1
| #define HAVE_SYS_TYPES_H 1
| #define HAVE_SYS_STAT_H 1
| #define HAVE_STDLIB_H 1
| #define HAVE_STRING_H 1
| #define HAVE_MEMORY_H 1
| #define HAVE_STRINGS_H 1
| #define HAVE_INTTYPES_H 1
| #define HAVE_STDINT_H 1
| #define HAVE_UNISTD_H 1
| #define HAVE_MALLOC_H 1
| #define HAVE_PATHS_H 1
| #define HAVE_UTIME_H 1
| #define HAVE_SYS_SELECT_H 1
| #define HAVE_TERMIOS_H 1
| #define HAVE_SIG_ATOMIC_T 1
| #define VOID void
| #define MAX_UID_T_LEN 10
| #define HAVE_LONG_LONG 1
| #define LONG_IS_QUAD 1
| #define RETSIGTYPE void
| #define HAVE_STRCHR 1
| #define HAVE_STRRCHR 1
| #define HAVE_MEMCHR 1
| #define HAVE_MEMCPY 1
| #define HAVE_MEMSET 1
| #define HAVE_SYSCONF 1
| #define HAVE_TZSET 1
| #define HAVE_STRFTIME 1
| #define HAVE_SETRLIMIT 1
| #define HAVE_INITGROUPS 1
| #define HAVE_FSTAT 1
| #define HAVE_SETRESUID 1
| #define HAVE_GETIFADDRS 1
| #define HAVE_FREEIFADDRS 1
| #define HAVE_GETCWD 1
| #define HAVE_LOCKF 1
| #define HAVE_WAITPID 1
| #define HAVE_INNETGR 1
| #define HAVE_GETDOMAINNAME 1
| #define HAVE_LSEARCH 1
| #define HAVE_UTIME 1
| #define HAVE_UTIME_POSIX 1
| #define HAVE_FNMATCH 1
| #define HAVE_ISBLANK 1
| #define HAVE_STRERROR 1
| #define HAVE_STRCASECMP 1
| #define HAVE_SIGACTION 1
| /* end confdefs.h.  */
| /* System header to define __stub macros and hopefully few prototypes,
|     which can conflict with char strlcpy (); below.
|     Prefer <limits.h> to <assert.h> if __STDC__ is defined, since
|     <limits.h> exists even on freestanding compilers.  */
| #ifdef __STDC__
| # include <limits.h>
| #else
| # include <assert.h>
| #endif
| /* Override any gcc2 internal prototype to avoid an error.  */
| #ifdef __cplusplus
| extern "C"
| {
| #endif
| /* We use char because int might match the return type of a gcc2
|    builtin and then its argument prototype would still apply.  */
| char strlcpy ();
| /* The GNU C library defines this for functions which it implements
|     to always fail with ENOSYS.  Some functions are actually named
|     something starting with __ and the normal name is an alias.  */
| #if defined (__stub_strlcpy) || defined (__stub___strlcpy)
| choke me
| #else
| char (*f) () = strlcpy;
| #endif
| #ifdef __cplusplus
| }
| #endif
| 
| int
| main ()
| {
| return f != strlcpy;
|   ;
|   return 0;
| }
configure:10971: result: no
configure:10901: checking for strlcat
configure:10951: gcc -o conftest -O2   conftest.c  >&5
/tmp/ccQGAoJZ.o:conftest.c:function f: error: undefined reference to 'strlcat'
/tmp/ccQGAoJZ.o:conftest.c:function main: error: undefined reference to 'strlcat'
collect2: error: ld returned 1 exit status
configure:10954: $? = 1
configure: failed program was:
| #line 10906 "configure"
| /* confdefs.h.  */
| 
| #define PACKAGE_NAME "sudo"
| #define PACKAGE_TARNAME "sudo"
| #define PACKAGE_VERSION "1.6.7"
| #define PACKAGE_STRING "sudo 1.6.7"
| #define PACKAGE_BUGREPORT ""
| #define LOGGING SLOG_SYSLOG
| #define LOGFAC "local2"
| #define PRI_SUCCESS "notice"
| #define PRI_FAILURE "alert"
| #define MAXLOGFILELEN 80
| #define SEND_MAIL_WHEN_NO_USER 1
| #define MAILTO "root"
| #define MAILSUBJECT "*** SECURITY information for %h ***"
| #define PASSPROMPT "Password:"
| #define INCORRECT_PASSWORD "Sorry, try again."
| #define SUDO_UMASK 0022
| #define RUNAS_DEFAULT "root"
| #define EDITOR _PATH_VI
| #define TRIES_FOR_PASSWORD 3
| #define TIMEOUT 5
| #define PASSWORD_TIMEOUT 5
| #define HAVE_GETSPNAM 1
| #define _PATH_MV "/bin/mv"
| #define _PATH_BSHELL "/bin/sh"
| #define _PATH_SUDO_SENDMAIL "/usr/sbin/sendmail"
| #define _PATH_VI "/usr/bin/vi"
| #define STDC_HEADERS 1
| #define HAVE_DIRENT_H 1
| #define HAVE_SYS_TYPES_H 1
| #define HAVE_SYS_STAT_H 1
| #define HAVE_STDLIB_H 1
| #define HAVE_STRING_H 1
| #define HAVE_MEMORY_H 1
| #define HAVE_STRINGS_H 1
| #define HAVE_INTTYPES_H 1
| #define HAVE_STDINT_H 1
| #define HAVE_UNISTD_H 1
| #define HAVE_MALLOC_H 1
| #define HAVE_PATHS_H 1
| #define HAVE_UTIME_H 1
| #define HAVE_SYS_SELECT_H 1
| #define HAVE_TERMIOS_H 1
| #define HAVE_SIG_ATOMIC_T 1
| #define VOID void
| #define MAX_UID_T_LEN 10
| #define HAVE_LONG_LONG 1
| #define LONG_IS_QUAD 1
| #define RETSIGTYPE void
| #define HAVE_STRCHR 1
| #define HAVE_STRRCHR 1
| #define HAVE_MEMCHR 1
| #define HAVE_MEMCPY 1
| #define HAVE_MEMSET 1
| #define HAVE_SYSCONF 1
| #define HAVE_TZSET 1
| #define HAVE_STRFTIME 1
| #define HAVE_SETRLIMIT 1
| #define HAVE_INITGROUPS 1
| #define HAVE_FSTAT 1
| #define HAVE_SETRESUID 1
| #define HAVE_GETIFADDRS 1
| #define HAVE_FREEIFADDRS 1
| #define HAVE_GETCWD 1
| #define HAVE_LOCKF 1
| #define HAVE_WAITPID 1
| #define HAVE_INNETGR 1
| #define HAVE_GETDOMAINNAME 1
| #define HAVE_LSEARCH 1
| #define HAVE_UTIME 1
| #define HAVE_UTIME_POSIX 1
| #define HAVE_FNMATCH 1
| #define HAVE_ISBLANK 1
| #define HAVE_STRERROR 1
| #define HAVE_STRCASECMP 1
| #define HAVE_SIGACTION 1
| /* end confdefs.h.  */
| /* System header to define __stub macros and hopefully few prototypes,
|     which can conflict with char strlcat (); below.
|     Prefer <limits.h> to <assert.h> if __STDC__ is defined, since
|     <limits.h> exists even on freestanding compilers.  */
| #ifdef __STDC__
| # include <limits.h>
| #else
| # include <assert.h>
| #endif
| /* Override any gcc2 internal prototype to avoid an error.  */
| #ifdef __cplusplus
| extern "C"
| {
| #endif
| /* We use char because int might match the return type of a gcc2
|    builtin and then its argument prototype would still apply.  */
| char strlcat ();
| /* The GNU C library defines this for functions which it implements
|     to always fail with ENOSYS.  Some functions are actually named
|     something starting with __ and the normal name is an alias.  */
| #if defined (__stub_strlcat) || defined (__stub___strlcat)
| choke me
| #else
| char (*f) () = strlcat;
| #endif
| #ifdef __cplusplus
| }
| #endif
| 
| int
| main ()
| {
| return f != strlcat;
|   ;
|   return 0;
| }
configure:10971: result: no
configure:10991: checking for snprintf
configure:11041: gcc -o conftest -O2   conftest.c  >&5
configure:11090:6: warning: conflicting types for built-in function 'snprintf' [enabled by default]
configure:11044: $? = 0
configure:11047: test -s conftest
configure:11050: $? = 0
configure:11061: result: yes
configure:10991: checking for vsnprintf
configure:11041: gcc -o conftest -O2   conftest.c  >&5
configure:11091:6: warning: conflicting types for built-in function 'vsnprintf' [enabled by default]
configure:11044: $? = 0
configure:11047: test -s conftest
configure:11050: $? = 0
configure:11061: result: yes
configure:10991: checking for asprintf
configure:11041: gcc -o conftest -O2   conftest.c  >&5
configure:11044: $? = 0
configure:11047: test -s conftest
configure:11050: $? = 0
configure:11061: result: yes
configure:10991: checking for vasprintf
configure:11041: gcc -o conftest -O2   conftest.c  >&5
configure:11044: $? = 0
configure:11047: test -s conftest
configure:11050: $? = 0
configure:11061: result: yes
configure:11077: checking for crypt
configure:11127: gcc -o conftest -O2   conftest.c  >&5
/tmp/ccY6NWMF.o:conftest.c:function f: error: undefined reference to 'crypt'
/tmp/ccY6NWMF.o:conftest.c:function main: error: undefined reference to 'crypt'
collect2: error: ld returned 1 exit status
configure:11130: $? = 1
configure: failed program was:
| #line 11082 "configure"
| /* confdefs.h.  */
| 
| #define PACKAGE_NAME "sudo"
| #define PACKAGE_TARNAME "sudo"
| #define PACKAGE_VERSION "1.6.7"
| #define PACKAGE_STRING "sudo 1.6.7"
| #define PACKAGE_BUGREPORT ""
| #define LOGGING SLOG_SYSLOG
| #define LOGFAC "local2"
| #define PRI_SUCCESS "notice"
| #define PRI_FAILURE "alert"
| #define MAXLOGFILELEN 80
| #define SEND_MAIL_WHEN_NO_USER 1
| #define MAILTO "root"
| #define MAILSUBJECT "*** SECURITY information for %h ***"
| #define PASSPROMPT "Password:"
| #define INCORRECT_PASSWORD "Sorry, try again."
| #define SUDO_UMASK 0022
| #define RUNAS_DEFAULT "root"
| #define EDITOR _PATH_VI
| #define TRIES_FOR_PASSWORD 3
| #define TIMEOUT 5
| #define PASSWORD_TIMEOUT 5
| #define HAVE_GETSPNAM 1
| #define _PATH_MV "/bin/mv"
| #define _PATH_BSHELL "/bin/sh"
| #define _PATH_SUDO_SENDMAIL "/usr/sbin/sendmail"
| #define _PATH_VI "/usr/bin/vi"
| #define STDC_HEADERS 1
| #define HAVE_DIRENT_H 1
| #define HAVE_SYS_TYPES_H 1
| #define HAVE_SYS_STAT_H 1
| #define HAVE_STDLIB_H 1
| #define HAVE_STRING_H 1
| #define HAVE_MEMORY_H 1
| #define HAVE_STRINGS_H 1
| #define HAVE_INTTYPES_H 1
| #define HAVE_STDINT_H 1
| #define HAVE_UNISTD_H 1
| #define HAVE_MALLOC_H 1
| #define HAVE_PATHS_H 1
| #define HAVE_UTIME_H 1
| #define HAVE_SYS_SELECT_H 1
| #define HAVE_TERMIOS_H 1
| #define HAVE_SIG_ATOMIC_T 1
| #define VOID void
| #define MAX_UID_T_LEN 10
| #define HAVE_LONG_LONG 1
| #define LONG_IS_QUAD 1
| #define RETSIGTYPE void
| #define HAVE_STRCHR 1
| #define HAVE_STRRCHR 1
| #define HAVE_MEMCHR 1
| #define HAVE_MEMCPY 1
| #define HAVE_MEMSET 1
| #define HAVE_SYSCONF 1
| #define HAVE_TZSET 1
| #define HAVE_STRFTIME 1
| #define HAVE_SETRLIMIT 1
| #define HAVE_INITGROUPS 1
| #define HAVE_FSTAT 1
| #define HAVE_SETRESUID 1
| #define HAVE_GETIFADDRS 1
| #define HAVE_FREEIFADDRS 1
| #define HAVE_GETCWD 1
| #define HAVE_LOCKF 1
| #define HAVE_WAITPID 1
| #define HAVE_INNETGR 1
| #define HAVE_GETDOMAINNAME 1
| #define HAVE_LSEARCH 1
| #define HAVE_UTIME 1
| #define HAVE_UTIME_POSIX 1
| #define HAVE_FNMATCH 1
| #define HAVE_ISBLANK 1
| #define HAVE_STRERROR 1
| #define HAVE_STRCASECMP 1
| #define HAVE_SIGACTION 1
| #define HAVE_SNPRINTF 1
| #define HAVE_VSNPRINTF 1
| #define HAVE_ASPRINTF 1
| #define HAVE_VASPRINTF 1
| /* end confdefs.h.  */
| /* System header to define __stub macros and hopefully few prototypes,
|     which can conflict with char crypt (); below.
|     Prefer <limits.h> to <assert.h> if __STDC__ is defined, since
|     <limits.h> exists even on freestanding compilers.  */
| #ifdef __STDC__
| # include <limits.h>
| #else
| # include <assert.h>
| #endif
| /* Override any gcc2 internal prototype to avoid an error.  */
| #ifdef __cplusplus
| extern "C"
| {
| #endif
| /* We use char because int might match the return type of a gcc2
|    builtin and then its argument prototype would still apply.  */
| char crypt ();
| /* The GNU C library defines this for functions which it implements
|     to always fail with ENOSYS.  Some functions are actually named
|     something starting with __ and the normal name is an alias.  */
| #if defined (__stub_crypt) || defined (__stub___crypt)
| choke me
| #else
| char (*f) () = crypt;
| #endif
| #ifdef __cplusplus
| }
| #endif
| 
| int
| main ()
| {
| return f != crypt;
|   ;
|   return 0;
| }
configure:11147: result: no
configure:11152: checking for crypt in -lcrypt
configure:11183: gcc -o conftest -O2   conftest.c -lcrypt   >&5
configure:11186: $? = 0
configure:11189: test -s conftest
configure:11192: $? = 0
configure:11204: result: yes
configure:11331: checking for socket
configure:11381: gcc -o conftest -O2   conftest.c  -lcrypt >&5
configure:11384: $? = 0
configure:11387: test -s conftest
configure:11390: $? = 0
configure:11401: result: yes
configure:11586: checking for inet_addr
configure:11636: gcc -o conftest -O2   conftest.c  -lcrypt >&5
configure:11639: $? = 0
configure:11642: test -s conftest
configure:11645: $? = 0
configure:11656: result: yes
configure:11918: checking for syslog
configure:11968: gcc -o conftest -O2   conftest.c  -lcrypt >&5
configure:11971: $? = 0
configure:11974: test -s conftest
configure:11977: $? = 0
configure:11988: result: yes
configure:12174: checking for working alloca.h
configure:12196: gcc -o conftest -O2   conftest.c  -lcrypt >&5
configure:12199: $? = 0
configure:12202: test -s conftest
configure:12205: $? = 0
configure:12216: result: yes
configure:12226: checking for alloca
configure:12268: gcc -o conftest -O2   conftest.c  -lcrypt >&5
configure:12271: $? = 0
configure:12274: test -s conftest
configure:12277: $? = 0
configure:12288: result: yes
configure:13964: checking for log file location
configure:13974: result: /var/log/sudo.log
configure:13999: checking for timestamp file location
configure:14010: result: /var/run/sudo
configure:14156: creating ./config.status

## ---------------------- ##
## Running config.status. ##
## ---------------------- ##

This file was extended by sudo config.status 1.6.7, which was
generated by GNU Autoconf 2.57.  Invocation command line was

  CONFIG_FILES    = 
  CONFIG_HEADERS  = 
  CONFIG_LINKS    = 
  CONFIG_COMMANDS = 
  $ ./config.status 

on sunshine

config.status:667: creating Makefile
config.status:667: creating sudo.man
config.status:667: creating visudo.man
config.status:667: creating sudoers.man
config.status:770: creating config.h
config.status:770: creating pathnames.h

## ---------------- ##
## Cache variables. ##
## ---------------- ##

ac_cv_build=x86_64-unknown-linux-gnu
ac_cv_build_alias=x86_64-unknown-linux-gnu
ac_cv_c_compiler_gnu=yes
ac_cv_c_const=yes
ac_cv_c_volatile=yes
ac_cv_env_CC_set=
ac_cv_env_CC_value=
ac_cv_env_CFLAGS_set=
ac_cv_env_CFLAGS_value=
ac_cv_env_CPPFLAGS_set=
ac_cv_env_CPPFLAGS_value=
ac_cv_env_CPP_set=
ac_cv_env_CPP_value=
ac_cv_env_LDFLAGS_set=
ac_cv_env_LDFLAGS_value=
ac_cv_env_build_alias_set=
ac_cv_env_build_alias_value=
ac_cv_env_host_alias_set=
ac_cv_env_host_alias_value=
ac_cv_env_target_alias_set=
ac_cv_env_target_alias_value=
ac_cv_exeext=
ac_cv_func_alloca_works=yes
ac_cv_func_asprintf=yes
ac_cv_func_crypt=no
ac_cv_func_freeifaddrs=yes
ac_cv_func_fstat=yes
ac_cv_func_getcwd=yes
ac_cv_func_getdomainname=yes
ac_cv_func_getifaddrs=yes
ac_cv_func_getspnam=yes
ac_cv_func_inet_addr=yes
ac_cv_func_initgroups=yes
ac_cv_func_innetgr=yes
ac_cv_func_lockf=yes
ac_cv_func_lsearch=yes
ac_cv_func_memchr=yes
ac_cv_func_memcpy=yes
ac_cv_func_memset=yes
ac_cv_func_setresuid=yes
ac_cv_func_setrlimit=yes
ac_cv_func_sigaction=yes
ac_cv_func_snprintf=yes
ac_cv_func_socket=yes
ac_cv_func_strcasecmp=yes
ac_cv_func_strchr=yes
ac_cv_func_strerror=yes
ac_cv_func_strftime=yes
ac_cv_func_strlcat=no
ac_cv_func_strlcpy=no
ac_cv_func_strrchr=yes
ac_cv_func_sysconf=yes
ac_cv_func_syslog=yes
ac_cv_func_tzset=yes
ac_cv_func_utime=yes
ac_cv_func_vasprintf=yes
ac_cv_func_vsnprintf=yes
ac_cv_func_waitpid=yes
ac_cv_header_dirent_dirent_h=yes
ac_cv_header_inttypes_h=yes
ac_cv_header_malloc_h=yes
ac_cv_header_memory_h=yes
ac_cv_header_netgroup_h=no
ac_cv_header_paths_h=yes
ac_cv_header_stdc=yes
ac_cv_header_stdint_h=yes
ac_cv_header_stdlib_h=yes
ac_cv_header_string_h=yes
ac_cv_header_strings_h=yes
ac_cv_header_sys_bsdtypes_h=no
ac_cv_header_sys_select_h=yes
ac_cv_header_sys_sockio_h=no
ac_cv_header_sys_stat_h=yes
ac_cv_header_sys_types_h=yes
ac_cv_header_unistd_h=yes
ac_cv_header_utime_h=yes
ac_cv_host=x86_64-unknown-linux-gnu
ac_cv_host_alias=x86_64-unknown-linux-gnu
ac_cv_lib_crypt_crypt=yes
ac_cv_objext=o
ac_cv_prog_CPP='gcc -E'
ac_cv_prog_EGREPPROG=egrep
ac_cv_prog_NROFFPROG=nroff
ac_cv_prog_SEDPROG=sed
ac_cv_prog_TRPROG=tr
ac_cv_prog_UNAMEPROG=uname
ac_cv_prog_YACC='bison -y'
ac_cv_prog_ac_ct_CC=gcc
ac_cv_prog_cc_cross=no
ac_cv_prog_cc_g=no
ac_cv_prog_cc_stdc=
ac_cv_prog_egrep='grep -E'
ac_cv_prog_gcc_traditional=no
ac_cv_search_opendir='none required'
ac_cv_search_strerror='none required'
ac_cv_sys_posix_termios=yes
ac_cv_type_mode_t=yes
ac_cv_type_sig_atomic_t=yes
ac_cv_type_sigaction_t=no
ac_cv_type_signal=void
ac_cv_type_uid_t=yes
ac_cv_working_alloca_h=yes
sudo_cv_func_fnmatch=yes
sudo_cv_func_isblank=yes
sudo_cv_func_utime_posix=yes
sudo_cv_prev_host=x86_64-unknown-linux-gnu
sudo_cv_sock_sa_len=no
sudo_cv_type_dev_t=yes
sudo_cv_type_ino_t=yes
sudo_cv_type_size_t=yes
sudo_cv_type_ssize_t=yes
sudo_cv_uid_t_len=10

## ----------------- ##
## Output variables. ##
## ----------------- ##

AFS_LIBS=''
ALLOCA=''
AUTH_OBJS=' passwd.o'
CC='gcc'
CFLAGS='-O2'
CPP='gcc -E'
CPPFLAGS=''
DEFS='-DHAVE_CONFIG_H'
DEV='#'
ECHO_C=''
ECHO_N='-n'
ECHO_T=''
EGREP='grep -E'
EGREPPROG='egrep'
EXEEXT=''
KRB5CONFIG=''
LDFLAGS=''
LIBOBJS=' strlcpy$U.o strlcat$U.o'
LIBS=''
LTLIBOBJS=' strlcpy$U.lo strlcat$U.lo'
MANTYPE='man'
MAN_POSTINSTALL=''
NET_LIBS=''
NROFFPROG='nroff'
OBJEXT='o'
OSDEFS=''
PACKAGE_BUGREPORT=''
PACKAGE_NAME='sudo'
PACKAGE_STRING='sudo 1.6.7'
PACKAGE_TARNAME='sudo'
PACKAGE_VERSION='1.6.7'
PATH_SEPARATOR=':'
PROGS='sudo visudo'
SEDPROG='sed'
SHELL='/bin/bash'
SUDOERS_GID='0'
SUDOERS_MODE='0440'
SUDOERS_UID='0'
SUDO_LDFLAGS=''
SUDO_LIBS=' -lcrypt'
TRPROG='tr'
UNAMEPROG='uname'
YACC='bison -y'
ac_ct_CC='gcc'
badpass_message='Sorry, try again.'
badpri='alert'
bindir='$(exec_prefix)/bin'
build='x86_64-unknown-linux-gnu'
build_alias=''
build_cpu='x86_64'
build_os='linux-gnu'
build_vendor='unknown'
datadir='${prefix}/share'
env_editor='off'
exec_prefix='$(prefix)'
fqdn='off'
goodpri='notice'
host='x86_64-unknown-linux-gnu'
host_alias=''
host_cpu='x86_64'
host_os='linux-gnu'
host_vendor='unknown'
ignore_dot='off'
includedir='${prefix}/include'
infodir='${prefix}/info'
insults='off'
lecture='on'
libdir='${exec_prefix}/lib'
libexecdir='${exec_prefix}/libexec'
localstatedir='${prefix}/var'
logfac='local2'
loglen='80'
long_otp_prompt='off'
mail_no_host='off'
mail_no_perms='off'
mail_no_user='on'
mailsub='*** SECURITY information for %h ***'
mailto='root'
mandir='$(prefix)/man'
mansectform='5'
mansectsu='8'
mansrcdir='.'
oldincludedir='/usr/include'
passprompt='Password:'
passwd_tries='3'
password_timeout='5'
prefix='/usr/local'
program_transform_name='s,x,x,'
runas_default='root'
sbindir='$(exec_prefix)/sbin'
sharedstatedir='${prefix}/com'
sudo_umask='0022'
sysconfdir='/etc'
target_alias=''
timedir='/var/run/sudo'
timeout='5'
tty_tickets='off'

## ----------- ##
## confdefs.h. ##
## ----------- ##

#define EDITOR _PATH_VI
#define HAVE_ALLOCA 1
#define HAVE_ALLOCA_H 1
#define HAVE_ASPRINTF 1
#define HAVE_DIRENT_H 1
#define HAVE_FNMATCH 1
#define HAVE_FREEIFADDRS 1
#define HAVE_FSTAT 1
#define HAVE_GETCWD 1
#define HAVE_GETDOMAINNAME 1
#define HAVE_GETIFADDRS 1
#define HAVE_GETSPNAM 1
#define HAVE_INITGROUPS 1
#define HAVE_INNETGR 1
#define HAVE_INTTYPES_H 1
#define HAVE_ISBLANK 1
#define HAVE_LOCKF 1
#define HAVE_LONG_LONG 1
#define HAVE_LSEARCH 1
#define HAVE_MALLOC_H 1
#define HAVE_MEMCHR 1
#define HAVE_MEMCPY 1
#define HAVE_MEMORY_H 1
#define HAVE_MEMSET 1
#define HAVE_PATHS_H 1
#define HAVE_SETRESUID 1
#define HAVE_SETRLIMIT 1
#define HAVE_SIGACTION 1
#define HAVE_SIG_ATOMIC_T 1
#define HAVE_SNPRINTF 1
#define HAVE_STDINT_H 1
#define HAVE_STDLIB_H 1
#define HAVE_STRCASECMP 1
#define HAVE_STRCHR 1
#define HAVE_STRERROR 1
#define HAVE_STRFTIME 1
#define HAVE_STRINGS_H 1
#define HAVE_STRING_H 1
#define HAVE_STRRCHR 1
#define HAVE_SYSCONF 1
#define HAVE_SYS_SELECT_H 1
#define HAVE_SYS_STAT_H 1
#define HAVE_SYS_TYPES_H 1
#define HAVE_TERMIOS_H 1
#define HAVE_TZSET 1
#define HAVE_UNISTD_H 1
#define HAVE_UTIME 1
#define HAVE_UTIME_H 1
#define HAVE_UTIME_POSIX 1
#define HAVE_VASPRINTF 1
#define HAVE_VSNPRINTF 1
#define HAVE_WAITPID 1
#define INCORRECT_PASSWORD "Sorry, try again."
#define LOGFAC "local2"
#define LOGGING SLOG_SYSLOG
#define LONG_IS_QUAD 1
#define MAILSUBJECT "*** SECURITY information for %h ***"
#define MAILTO "root"
#define MAXLOGFILELEN 80
#define MAX_UID_T_LEN 10
#define PACKAGE_BUGREPORT ""
#define PACKAGE_NAME "sudo"
#define PACKAGE_STRING "sudo 1.6.7"
#define PACKAGE_TARNAME "sudo"
#define PACKAGE_VERSION "1.6.7"
#define PASSPROMPT "Password:"
#define PASSWORD_TIMEOUT 5
#define PRI_FAILURE "alert"
#define PRI_SUCCESS "notice"
#define RETSIGTYPE void
#define RUNAS_DEFAULT "root"
#define SEND_MAIL_WHEN_NO_USER 1
#define STDC_HEADERS 1
#define SUDO_UMASK 0022
#define TIMEOUT 5
#define TRIES_FOR_PASSWORD 3
#define VOID void
#define _PATH_BSHELL "/bin/sh"
#define _PATH_MV "/bin/mv"
#define _PATH_SUDO_LOGFILE "/var/log/sudo.log"
#define _PATH_SUDO_SENDMAIL "/usr/sbin/sendmail"
#define _PATH_SUDO_TIMEDIR "/var/run/sudo"
#define _PATH_VI "/usr/bin/vi"

configure: exit 0
