This is TeX, Version 3.14159 (MiKTeX 1.11 beta 3) (preloaded format=latex 98.10.2)  2 OCT 1998 21:29
**&latex 730E2S97.TEX
(730E2S97.TEX
LaTeX2e <1997/12/01> patch level 1
Babel <v3.6h> and hyphenation patterns for english, german, loaded.
(article.cls
Document Class: article 1997/10/10 v1.3x Standard LaTeX document class
(size12.clo
File: size12.clo 1997/10/10 v1.3x Standard LaTeX file (size option)
)
\c@part=\count79
\c@section=\count80
\c@subsection=\count81
\c@subsubsection=\count82
\c@paragraph=\count83
\c@subparagraph=\count84
\c@figure=\count85
\c@table=\count86
\abovecaptionskip=\skip41
\belowcaptionskip=\skip42
\bibindent=\dimen102
)
No file 730E2S97.aux.
LaTeX Font Info:    Checking defaults for OML/cmm/m/it on input line 10.
LaTeX Font Info:    ... okay on input line 10.
LaTeX Font Info:    Checking defaults for T1/cmr/m/n on input line 10.
LaTeX Font Info:    ... okay on input line 10.
LaTeX Font Info:    Checking defaults for OT1/cmr/m/n on input line 10.
LaTeX Font Info:    ... okay on input line 10.
LaTeX Font Info:    Checking defaults for OMS/cmsy/m/n on input line 10.
LaTeX Font Info:    ... okay on input line 10.
LaTeX Font Info:    Checking defaults for OMX/cmex/m/n on input line 10.
LaTeX Font Info:    ... okay on input line 10.
LaTeX Font Info:    Checking defaults for U/cmr/m/n on input line 10.
LaTeX Font Info:    ... okay on input line 10.

Underfull \hbox (badness 10000) in paragraph at lines 13--17

 []


Overfull \hbox (4.27364pt too wide) in paragraph at lines 28--31
\OT1/cmr/m/n/12 thought of as a so-lu-tion to the prob-lem of im-ple-ment-ing s
emaphores
 []

LaTeX Font Info:    Try loading font information for OMS+cmr on input line 38.
(omscmr.fd
File: omscmr.fd 1998/01/10 v2.5f Standard LaTeX font definitions
)
LaTeX Font Info:    Font shape `OMS/cmr/m/n' in size <12> not available
(Font)              Font shape `OMS/cmsy/m/n' tried instead on input line 38.
LaTeX Font Info:    External font `cmex10' loaded for size
(Font)              <12> on input line 39.
LaTeX Font Info:    External font `cmex10' loaded for size
(Font)              <8> on input line 39.
LaTeX Font Info:    External font `cmex10' loaded for size
(Font)              <6> on input line 39.
 [1

] [2] (730E2S97.aux) )
Output written on 730E2S97.dvi (2 pages, 5292 bytes).
